# JRE version: OpenJDK Runtime Environment Temurin-11.0.12+7 (11.0.12+7) (build 11.0.12+7)
# Java VM: OpenJDK 64-Bit Server VM Temurin-11.0.12+7 (11.0.12+7, mixed mode, tiered, compressed oops, g1 gc, linux-amd64)
Heap:
 garbage-first heap   total 78848K, used 31493K [0x00000000e0000000, 0x0000000100000000)
  region size 1024K, 9 young (9216K), 2 survivors (2048K)
 Metaspace       used 20754K, capacity 21135K, committed 21504K, reserved 1069056K
  class space    used 2088K, capacity 2249K, committed 2304K, reserved 1048576K
GC Heap History (12 events):
Event: 0,899 GC heap before
{Heap before GC invocations=0 (full 0):
 garbage-first heap   total 65536K, used 24576K [0x00000000e0000000, 0x0000000100000000)
  region size 1024K, 24 young (24576K), 0 survivors (0K)
 Metaspace       used 13578K, capacity 13862K, committed 14080K, reserved 1062912K
  class space    used 1339K, capacity 1451K, committed 1536K, reserved 1048576K
}
Event: 0,911 GC heap after
{Heap after GC invocations=1 (full 0):
 garbage-first heap   total 65536K, used 7127K [0x00000000e0000000, 0x0000000100000000)
  region size 1024K, 3 young (3072K), 3 survivors (3072K)
 Metaspace       used 13578K, capacity 13862K, committed 14080K, reserved 1062912K
  class space    used 1339K, capacity 1451K, committed 1536K, reserved 1048576K
}
Event: 1,402 GC heap before
{Heap before GC invocations=1 (full 0):
 garbage-first heap   total 65536K, used 31703K [0x00000000e0000000, 0x0000000100000000)
  region size 1024K, 28 young (28672K), 3 survivors (3072K)
 Metaspace       used 19059K, capacity 19371K, committed 19584K, reserved 1067008K
  class space    used 1945K, capacity 2075K, committed 2176K, reserved 1048576K
}
Event: 1,418 GC heap after
{Heap after GC invocations=2 (full 0):
 garbage-first heap   total 65536K, used 13621K [0x00000000e0000000, 0x0000000100000000)
  region size 1024K, 4 young (4096K), 4 survivors (4096K)
 Metaspace       used 19059K, capacity 19371K, committed 19584K, reserved 1067008K
  class space    used 1945K, capacity 2075K, committed 2176K, reserved 1048576K
}
Event: 1,878 GC heap before
{Heap before GC invocations=2 (full 0):
 garbage-first heap   total 65536K, used 35125K [0x00000000e0000000, 0x0000000100000000)
  region size 1024K, 25 young (25600K), 4 survivors (4096K)
 Metaspace       used 20333K, capacity 20645K, committed 20992K, reserved 1069056K
  class space    used 2047K, capacity 2215K, committed 2304K, reserved 1048576K
}
Event: 1,892 GC heap after
{Heap after GC invocations=3 (full 0):
 garbage-first heap   total 65536K, used 17023K [0x00000000e0000000, 0x0000000100000000)
  region size 1024K, 4 young (4096K), 4 survivors (4096K)
 Metaspace       used 20333K, capacity 20645K, committed 20992K, reserved 1069056K
  class space    used 2047K, capacity 2215K, committed 2304K, reserved 1048576K
}
Event: 2,088 GC heap before
{Heap before GC invocations=3 (full 0):
 garbage-first heap   total 65536K, used 38527K [0x00000000e0000000, 0x0000000100000000)
  region size 1024K, 25 young (25600K), 4 survivors (4096K)
 Metaspace       used 20444K, capacity 20782K, committed 20992K, reserved 1069056K
  class space    used 2052K, capacity 2217K, committed 2304K, reserved 1048576K
}
Event: 2,101 GC heap after
{Heap after GC invocations=4 (full 0):
 garbage-first heap   total 65536K, used 19670K [0x00000000e0000000, 0x0000000100000000)
  region size 1024K, 3 young (3072K), 3 survivors (3072K)
 Metaspace       used 20444K, capacity 20782K, committed 20992K, reserved 1069056K
  class space    used 2052K, capacity 2217K, committed 2304K, reserved 1048576K
}
Event: 2,267 GC heap before
{Heap before GC invocations=4 (full 0):
 garbage-first heap   total 65536K, used 41174K [0x00000000e0000000, 0x0000000100000000)
  region size 1024K, 25 young (25600K), 3 survivors (3072K)
 Metaspace       used 20628K, capacity 20975K, committed 21248K, reserved 1069056K
  class space    used 2074K, capacity 2217K, committed 2304K, reserved 1048576K
}
Event: 2,278 GC heap after
{Heap after GC invocations=5 (full 0):
 garbage-first heap   total 78848K, used 22594K [0x00000000e0000000, 0x0000000100000000)
  region size 1024K, 3 young (3072K), 3 survivors (3072K)
 Metaspace       used 20628K, capacity 20975K, committed 21248K, reserved 1069056K
  class space    used 2074K, capacity 2217K, committed 2304K, reserved 1048576K
}
Event: 2,381 GC heap before
{Heap before GC invocations=5 (full 0):
 garbage-first heap   total 78848K, used 38978K [0x00000000e0000000, 0x0000000100000000)
  region size 1024K, 16 young (16384K), 3 survivors (3072K)
 Metaspace       used 20731K, capacity 21071K, committed 21248K, reserved 1069056K
  class space    used 2087K, capacity 2249K, committed 2304K, reserved 1048576K
}
Event: 2,390 GC heap after
{Heap after GC invocations=6 (full 0):
 garbage-first heap   total 78848K, used 25349K [0x00000000e0000000, 0x0000000100000000)
  region size 1024K, 2 young (2048K), 2 survivors (2048K)
 Metaspace       used 20731K, capacity 21071K, committed 21248K, reserved 1069056K
  class space    used 2087K, capacity 2249K, committed 2304K, reserved 1048576K
}

